{"contracts/Raffle.sol":{"l":{"55":3,"58":3,"59":3,"60":3,"61":3,"62":3,"63":3,"64":3,"87":1,"88":1,"89":1,"90":1,"91":1,"99":1,"100":1,"101":0,"107":1,"108":1,"109":1,"116":5,"117":1,"119":4,"120":1,"122":3,"125":3,"133":1,"134":1,"141":1,"148":0,"149":0,"150":0,"151":0,"152":0,"153":0,"155":0,"156":0,"158":0,"163":6,"167":1,"171":0,"175":1,"180":0,"184":0,"188":0,"192":0,"196":6,"200":1},"path":"/home/tuanvu171/folder/hh-fcc/hardhat-smartcontract-lottery-fcc/contracts/Raffle.sol","s":{"1":3,"2":3,"3":3,"4":3,"5":3,"6":3,"7":3,"8":3,"9":1,"10":1,"11":1,"12":1,"13":1,"14":1,"15":1,"16":1,"17":1,"18":1,"19":5,"20":4,"21":3,"22":3,"23":1,"24":1,"25":1,"26":0,"27":0,"28":0,"29":0,"30":0,"31":0,"32":0,"33":0,"34":6,"35":1,"36":0,"37":1,"38":0,"39":0,"40":0,"41":0,"42":6,"43":1},"b":{"1":[0,1],"2":[1,0],"3":[1,4],"4":[1,3],"5":[0,0]},"f":{"1":3,"2":1,"3":1,"4":5,"5":1,"6":0,"7":6,"8":1,"9":0,"10":1,"11":0,"12":0,"13":0,"14":0,"15":6,"16":1},"fnMap":{"1":{"name":"constructor","line":54,"loc":{"start":{"line":47,"column":4},"end":{"line":65,"column":4}}},"2":{"name":"checkUpkeep","line":76,"loc":{"start":{"line":76,"column":4},"end":{"line":93,"column":4}}},"3":{"name":"performUpkeep","line":96,"loc":{"start":{"line":96,"column":4},"end":{"line":112,"column":4}}},"4":{"name":"enterRaffle","line":114,"loc":{"start":{"line":114,"column":4},"end":{"line":126,"column":4}}},"5":{"name":"requestRandomWinner","line":129,"loc":{"start":{"line":129,"column":4},"end":{"line":142,"column":4}}},"6":{"name":"fulfillRandomWords","line":144,"loc":{"start":{"line":144,"column":4},"end":{"line":159,"column":4}}},"7":{"name":"getEntranceFee","line":162,"loc":{"start":{"line":162,"column":4},"end":{"line":164,"column":4}}},"8":{"name":"getPlayer","line":166,"loc":{"start":{"line":166,"column":4},"end":{"line":168,"column":4}}},"9":{"name":"getRecentWinner","line":170,"loc":{"start":{"line":170,"column":4},"end":{"line":172,"column":4}}},"10":{"name":"getRaffleState","line":174,"loc":{"start":{"line":174,"column":4},"end":{"line":176,"column":4}}},"11":{"name":"getNumWords","line":179,"loc":{"start":{"line":179,"column":4},"end":{"line":181,"column":4}}},"12":{"name":"getNumberOfPlayers","line":183,"loc":{"start":{"line":183,"column":4},"end":{"line":185,"column":4}}},"13":{"name":"getLatestTimeStamp","line":187,"loc":{"start":{"line":187,"column":4},"end":{"line":189,"column":4}}},"14":{"name":"getRequestConfirmations","line":191,"loc":{"start":{"line":191,"column":4},"end":{"line":193,"column":4}}},"15":{"name":"getInterval","line":195,"loc":{"start":{"line":195,"column":4},"end":{"line":197,"column":4}}},"16":{"name":"getVrfCoordinator","line":199,"loc":{"start":{"line":199,"column":4},"end":{"line":201,"column":4}}}},"statementMap":{"1":{"start":{"line":55,"column":8},"end":{"line":55,"column":34}},"2":{"start":{"line":58,"column":8},"end":{"line":58,"column":69}},"3":{"start":{"line":59,"column":8},"end":{"line":59,"column":26}},"4":{"start":{"line":60,"column":8},"end":{"line":60,"column":40}},"5":{"start":{"line":61,"column":8},"end":{"line":61,"column":44}},"6":{"start":{"line":62,"column":8},"end":{"line":62,"column":39}},"7":{"start":{"line":63,"column":8},"end":{"line":63,"column":34}},"8":{"start":{"line":64,"column":8},"end":{"line":64,"column":40}},"9":{"start":{"line":87,"column":8},"end":{"line":87,"column":55}},"10":{"start":{"line":88,"column":8},"end":{"line":88,"column":49}},"11":{"start":{"line":89,"column":8},"end":{"line":89,"column":57}},"12":{"start":{"line":90,"column":8},"end":{"line":90,"column":74}},"13":{"start":{"line":91,"column":8},"end":{"line":91,"column":73}},"14":{"start":{"line":99,"column":8},"end":{"line":99,"column":47}},"15":{"start":{"line":100,"column":8},"end":{"line":100,"column":3663}},"16":{"start":{"line":107,"column":8},"end":{"line":107,"column":3873}},"17":{"start":{"line":108,"column":12},"end":{"line":108,"column":44}},"18":{"start":{"line":109,"column":12},"end":{"line":109,"column":37}},"19":{"start":{"line":116,"column":8},"end":{"line":116,"column":4266}},"20":{"start":{"line":119,"column":8},"end":{"line":119,"column":4360}},"21":{"start":{"line":122,"column":8},"end":{"line":122,"column":42}},"22":{"start":{"line":125,"column":8},"end":{"line":125,"column":36}},"23":{"start":{"line":133,"column":8},"end":{"line":133,"column":46}},"24":{"start":{"line":134,"column":8},"end":{"line":134,"column":4966}},"25":{"start":{"line":141,"column":8},"end":{"line":141,"column":45}},"26":{"start":{"line":148,"column":8},"end":{"line":148,"column":65}},"27":{"start":{"line":149,"column":8},"end":{"line":149,"column":63}},"28":{"start":{"line":150,"column":8},"end":{"line":150,"column":36}},"29":{"start":{"line":151,"column":8},"end":{"line":151,"column":39}},"30":{"start":{"line":152,"column":8},"end":{"line":152,"column":43}},"31":{"start":{"line":153,"column":8},"end":{"line":153,"column":78}},"32":{"start":{"line":155,"column":8},"end":{"line":155,"column":5755}},"33":{"start":{"line":158,"column":8},"end":{"line":158,"column":39}},"34":{"start":{"line":163,"column":8},"end":{"line":163,"column":28}},"35":{"start":{"line":167,"column":8},"end":{"line":167,"column":31}},"36":{"start":{"line":171,"column":8},"end":{"line":171,"column":29}},"37":{"start":{"line":175,"column":8},"end":{"line":175,"column":28}},"38":{"start":{"line":180,"column":8},"end":{"line":180,"column":24}},"39":{"start":{"line":184,"column":8},"end":{"line":184,"column":31}},"40":{"start":{"line":188,"column":8},"end":{"line":188,"column":30}},"41":{"start":{"line":192,"column":8},"end":{"line":192,"column":36}},"42":{"start":{"line":196,"column":8},"end":{"line":196,"column":25}},"43":{"start":{"line":200,"column":8},"end":{"line":200,"column":31}}},"branchMap":{"1":{"line":100,"type":"if","locations":[{"start":{"line":100,"column":8},"end":{"line":100,"column":8}},{"start":{"line":100,"column":8},"end":{"line":100,"column":8}}]},"2":{"line":107,"type":"if","locations":[{"start":{"line":107,"column":8},"end":{"line":107,"column":8}},{"start":{"line":107,"column":8},"end":{"line":107,"column":8}}]},"3":{"line":116,"type":"if","locations":[{"start":{"line":116,"column":8},"end":{"line":116,"column":8}},{"start":{"line":116,"column":8},"end":{"line":116,"column":8}}]},"4":{"line":119,"type":"if","locations":[{"start":{"line":119,"column":8},"end":{"line":119,"column":8}},{"start":{"line":119,"column":8},"end":{"line":119,"column":8}}]},"5":{"line":155,"type":"if","locations":[{"start":{"line":155,"column":8},"end":{"line":155,"column":8}},{"start":{"line":155,"column":8},"end":{"line":155,"column":8}}]}}},"contracts/test/VRFCoordinatorV2Mock.sol":{"l":{},"path":"/home/tuanvu171/folder/hh-fcc/hardhat-smartcontract-lottery-fcc/contracts/test/VRFCoordinatorV2Mock.sol","s":{},"b":{},"f":{},"fnMap":{},"statementMap":{},"branchMap":{}}}