TN:
SF:/home/tuanvu171/folder/hh-fcc/hardhat-smartcontract-lottery-fcc/contracts/Raffle.sol
FN:54,constructor
FN:76,checkUpkeep
FN:96,performUpkeep
FN:114,enterRaffle
FN:129,requestRandomWinner
FN:144,fulfillRandomWords
FN:162,getEntranceFee
FN:166,getPlayer
FN:170,getRecentWinner
FN:174,getRaffleState
FN:179,getNumWords
FN:183,getNumberOfPlayers
FN:187,getLatestTimeStamp
FN:191,getRequestConfirmations
FN:195,getInterval
FN:199,getVrfCoordinator
FNF:16
FNH:10
FNDA:3,constructor
FNDA:1,checkUpkeep
FNDA:1,performUpkeep
FNDA:5,enterRaffle
FNDA:1,requestRandomWinner
FNDA:0,fulfillRandomWords
FNDA:6,getEntranceFee
FNDA:1,getPlayer
FNDA:0,getRecentWinner
FNDA:1,getRaffleState
FNDA:0,getNumWords
FNDA:0,getNumberOfPlayers
FNDA:0,getLatestTimeStamp
FNDA:0,getRequestConfirmations
FNDA:6,getInterval
FNDA:1,getVrfCoordinator
DA:55,3
DA:58,3
DA:59,3
DA:60,3
DA:61,3
DA:62,3
DA:63,3
DA:64,3
DA:87,1
DA:88,1
DA:89,1
DA:90,1
DA:91,1
DA:99,1
DA:100,1
DA:101,0
DA:107,1
DA:108,1
DA:109,1
DA:116,5
DA:117,1
DA:119,4
DA:120,1
DA:122,3
DA:125,3
DA:133,1
DA:134,1
DA:141,1
DA:148,0
DA:149,0
DA:150,0
DA:151,0
DA:152,0
DA:153,0
DA:155,0
DA:156,0
DA:158,0
DA:163,6
DA:167,1
DA:171,0
DA:175,1
DA:180,0
DA:184,0
DA:188,0
DA:192,0
DA:196,6
DA:200,1
LF:47
LH:32
BRDA:100,1,0,0
BRDA:100,1,1,1
BRDA:107,2,0,1
BRDA:107,2,1,0
BRDA:116,3,0,1
BRDA:116,3,1,4
BRDA:119,4,0,1
BRDA:119,4,1,3
BRDA:155,5,0,0
BRDA:155,5,1,0
BRF:10
BRH:6
end_of_record
TN:
SF:/home/tuanvu171/folder/hh-fcc/hardhat-smartcontract-lottery-fcc/contracts/test/VRFCoordinatorV2Mock.sol
FNF:0
FNH:0
LF:0
LH:0
BRF:0
BRH:0
end_of_record
